[INFO] Scanning for projects...
[INFO] 
[INFO] ---------------------< org.sefaria:sefaria-ingest >---------------------
[INFO] Building Sefaria Ingest 1.0-SNAPSHOT
[INFO]   from pom.xml
[INFO] --------------------------------[ jar ]---------------------------------
[WARNING] The POM for org.sefaria:sefaria-common:jar:1.0-SNAPSHOT is invalid, transitive dependencies (if any) will not be available: 5 problems were encountered while building the effective model for org.sefaria:sefaria-common:1.0-SNAPSHOT
[ERROR] Invalid packaging for parent POM org.sefaria:sefaria-pipeline:1.0-SNAPSHOT, must be "pom" but is "jar" @ org.sefaria:sefaria-pipeline:1.0-SNAPSHOT
[ERROR] 'dependencies.dependency.version' for com.fasterxml.jackson.core:jackson-databind:jar is missing. @ 
[ERROR] 'dependencies.dependency.version' for org.slf4j:slf4j-api:jar is missing. @ 
[ERROR] 'dependencies.dependency.version' for org.junit.jupiter:junit-jupiter:jar is missing. @ 
[ERROR] 'dependencies.dependency.version' for org.assertj:assertj-core:jar is missing. @ 

[INFO] 
[INFO] --- exec:3.4.1:java (default-cli) @ sefaria-ingest ---
07:12:13.358 [org.freememory.scripts.EmbedIngestScript.main()] INFO  org.freememory.config.ConfigLoader - Loading config from C:\Users\micha\IdeaProjects\sefaria-pipeline\config\pipeline-full.json
07:12:13.418 [org.freememory.scripts.EmbedIngestScript.main()] INFO  org.freememory.config.ConfigLoader - Config loaded successfully.
07:12:13.418 [org.freememory.scripts.EmbedIngestScript.main()] INFO  o.f.scripts.EmbedIngestScript - === Sefaria Embed + Ingest Script ===
07:12:13.418 [org.freememory.scripts.EmbedIngestScript.main()] INFO  o.f.scripts.EmbedIngestScript - Input dir:     data\processed
07:12:13.418 [org.freememory.scripts.EmbedIngestScript.main()] INFO  o.f.scripts.EmbedIngestScript - Model:         text-embedding-3-small
07:12:13.418 [org.freememory.scripts.EmbedIngestScript.main()] INFO  o.f.scripts.EmbedIngestScript - Batch size:    100
07:12:13.418 [org.freememory.scripts.EmbedIngestScript.main()] INFO  o.f.scripts.EmbedIngestScript - Qdrant:        localhost:6334
07:12:13.418 [org.freememory.scripts.EmbedIngestScript.main()] INFO  o.f.scripts.EmbedIngestScript - Collection:    sefaria_texts
07:12:13.418 [org.freememory.scripts.EmbedIngestScript.main()] INFO  o.f.scripts.EmbedIngestScript - Skip existing: true
07:12:14.039 [org.freememory.scripts.EmbedIngestScript.main()] INFO  o.f.p.embed.QdrantCollectionSetup - Collection 'sefaria_texts' already exists — skipping creation.
07:12:14.254 [org.freememory.scripts.EmbedIngestScript.main()] INFO  o.f.scripts.EmbedIngestScript - Found 28 JSONL files to process
07:12:14.254 [org.freememory.scripts.EmbedIngestScript.main()] INFO  o.f.scripts.EmbedIngestScript - Batch limits: 100 chunks OR 200000 chars (whichever comes first)
07:12:14.254 [org.freememory.scripts.EmbedIngestScript.main()] INFO  o.f.scripts.EmbedIngestScript - Inter-batch delay: 0 ms  (set embed.batchDelayMs=0 to disable)
07:12:14.254 [org.freememory.scripts.EmbedIngestScript.main()] INFO  o.f.scripts.EmbedIngestScript - [1/28] Processing Chasidut_en.jsonl  (68 MB)
07:12:17.275 [org.freememory.scripts.EmbedIngestScript.main()] INFO  o.f.scripts.EmbedIngestScript -   Done: 76712 chunks in file | running totals — ingested=0 skipped=76712 errors=0
07:12:17.275 [org.freememory.scripts.EmbedIngestScript.main()] INFO  o.f.scripts.EmbedIngestScript - [2/28] Processing Chasidut_he.jsonl  (553 MB)
07:12:30.832 [org.freememory.scripts.EmbedIngestScript.main()] INFO  o.f.scripts.EmbedIngestScript -   Done: 373230 chunks in file | running totals — ingested=0 skipped=449942 errors=0
07:12:30.832 [org.freememory.scripts.EmbedIngestScript.main()] INFO  o.f.scripts.EmbedIngestScript - [3/28] Processing Halakhah_en.jsonl  (223 MB)
07:12:35.678 [org.freememory.scripts.EmbedIngestScript.main()] INFO  o.f.scripts.EmbedIngestScript -   Done: 147446 chunks in file | running totals — ingested=0 skipped=597388 errors=0
07:12:35.679 [org.freememory.scripts.EmbedIngestScript.main()] INFO  o.f.scripts.EmbedIngestScript - [4/28] Processing Halakhah_he.jsonl  (1995 MB)
07:13:17.922 [org.freememory.scripts.EmbedIngestScript.main()] INFO  o.f.scripts.EmbedIngestScript -   Done: 1347272 chunks in file | running totals — ingested=0 skipped=1944660 errors=0
07:13:17.922 [org.freememory.scripts.EmbedIngestScript.main()] INFO  o.f.scripts.EmbedIngestScript - [5/28] Processing Jewish_Thought_en.jsonl  (80 MB)
07:13:20.006 [org.freememory.scripts.EmbedIngestScript.main()] INFO  o.f.scripts.EmbedIngestScript -   Done: 76608 chunks in file | running totals — ingested=0 skipped=2021268 errors=0
07:13:20.008 [org.freememory.scripts.EmbedIngestScript.main()] INFO  o.f.scripts.EmbedIngestScript - [6/28] Processing Jewish_Thought_he.jsonl  (462 MB)
07:13:30.241 [org.freememory.scripts.EmbedIngestScript.main()] INFO  o.f.scripts.EmbedIngestScript -   Done: 348250 chunks in file | running totals — ingested=0 skipped=2369518 errors=0
07:13:30.242 [org.freememory.scripts.EmbedIngestScript.main()] INFO  o.f.scripts.EmbedIngestScript - [7/28] Processing Kabbalah_en.jsonl  (45 MB)
07:13:31.527 [org.freememory.scripts.EmbedIngestScript.main()] INFO  o.f.scripts.EmbedIngestScript -   Done: 51138 chunks in file | running totals — ingested=0 skipped=2420656 errors=0
07:13:31.528 [org.freememory.scripts.EmbedIngestScript.main()] INFO  o.f.scripts.EmbedIngestScript - [8/28] Processing Kabbalah_he.jsonl  (348 MB)
07:13:39.794 [org.freememory.scripts.EmbedIngestScript.main()] INFO  o.f.scripts.EmbedIngestScript -   Done: 291412 chunks in file | running totals — ingested=0 skipped=2712068 errors=0
07:13:39.795 [org.freememory.scripts.EmbedIngestScript.main()] INFO  o.f.scripts.EmbedIngestScript - [9/28] Processing Liturgy_en.jsonl  (114 MB)
07:13:43.668 [org.freememory.scripts.EmbedIngestScript.main()] INFO  o.f.scripts.EmbedIngestScript -   Done: 200398 chunks in file | running totals — ingested=0 skipped=2912466 errors=0
07:13:43.668 [org.freememory.scripts.EmbedIngestScript.main()] INFO  o.f.scripts.EmbedIngestScript - [10/28] Processing Liturgy_he.jsonl  (169 MB)
07:13:48.914 [org.freememory.scripts.EmbedIngestScript.main()] INFO  o.f.scripts.EmbedIngestScript -   Done: 250120 chunks in file | running totals — ingested=0 skipped=3162586 errors=0
07:13:48.915 [org.freememory.scripts.EmbedIngestScript.main()] INFO  o.f.scripts.EmbedIngestScript - [11/28] Processing Midrash_en.jsonl  (96 MB)
07:13:50.985 [org.freememory.scripts.EmbedIngestScript.main()] INFO  o.f.scripts.EmbedIngestScript -   Done: 64966 chunks in file | running totals — ingested=0 skipped=3227552 errors=0
07:13:50.986 [org.freememory.scripts.EmbedIngestScript.main()] INFO  o.f.scripts.EmbedIngestScript - [12/28] Processing Midrash_he.jsonl  (402 MB)
07:14:00.649 [org.freememory.scripts.EmbedIngestScript.main()] INFO  o.f.scripts.EmbedIngestScript -   Done: 388464 chunks in file | running totals — ingested=0 skipped=3616016 errors=0
07:14:00.650 [org.freememory.scripts.EmbedIngestScript.main()] INFO  o.f.scripts.EmbedIngestScript - [13/28] Processing Mishnah_en.jsonl  (152 MB)
07:14:04.562 [org.freememory.scripts.EmbedIngestScript.main()] INFO  o.f.scripts.EmbedIngestScript -   Done: 155994 chunks in file | running totals — ingested=0 skipped=3772010 errors=0
07:14:04.563 [org.freememory.scripts.EmbedIngestScript.main()] INFO  o.f.scripts.EmbedIngestScript - [14/28] Processing Mishnah_he.jsonl  (603 MB)
07:14:17.452 [org.freememory.scripts.EmbedIngestScript.main()] INFO  o.f.scripts.EmbedIngestScript -   Done: 502440 chunks in file | running totals — ingested=0 skipped=4274450 errors=0
07:14:17.453 [org.freememory.scripts.EmbedIngestScript.main()] INFO  o.f.scripts.EmbedIngestScript - [15/28] Processing Musar_en.jsonl  (25 MB)
07:14:18.064 [org.freememory.scripts.EmbedIngestScript.main()] INFO  o.f.scripts.EmbedIngestScript -   Done: 23424 chunks in file | running totals — ingested=0 skipped=4297874 errors=0
07:14:18.065 [org.freememory.scripts.EmbedIngestScript.main()] INFO  o.f.scripts.EmbedIngestScript - [16/28] Processing Musar_he.jsonl  (105 MB)
07:14:20.197 [org.freememory.scripts.EmbedIngestScript.main()] INFO  o.f.scripts.EmbedIngestScript -   Done: 74452 chunks in file | running totals — ingested=0 skipped=4372326 errors=0
07:14:20.198 [org.freememory.scripts.EmbedIngestScript.main()] INFO  o.f.scripts.EmbedIngestScript - [17/28] Processing Reference_en.jsonl  (7 MB)
07:14:20.378 [org.freememory.scripts.EmbedIngestScript.main()] INFO  o.f.scripts.EmbedIngestScript -   Done: 7510 chunks in file | running totals — ingested=0 skipped=4379836 errors=0
07:14:20.379 [org.freememory.scripts.EmbedIngestScript.main()] INFO  o.f.scripts.EmbedIngestScript - [18/28] Processing Reference_he.jsonl  (65 MB)
07:14:22.118 [org.freememory.scripts.EmbedIngestScript.main()] INFO  o.f.scripts.EmbedIngestScript -   Done: 79464 chunks in file | running totals — ingested=0 skipped=4459300 errors=0
07:14:22.119 [org.freememory.scripts.EmbedIngestScript.main()] INFO  o.f.scripts.EmbedIngestScript - [19/28] Processing Responsa_en.jsonl  (9 MB)
07:14:22.342 [org.freememory.scripts.EmbedIngestScript.main()] INFO  o.f.scripts.EmbedIngestScript -   Done: 8160 chunks in file | running totals — ingested=0 skipped=4467460 errors=0
07:14:22.343 [org.freememory.scripts.EmbedIngestScript.main()] INFO  o.f.scripts.EmbedIngestScript - [20/28] Processing Responsa_he.jsonl  (598 MB)
07:14:33.603 [org.freememory.scripts.EmbedIngestScript.main()] INFO  o.f.scripts.EmbedIngestScript -   Done: 349928 chunks in file | running totals — ingested=0 skipped=4817388 errors=0
07:14:33.603 [org.freememory.scripts.EmbedIngestScript.main()] INFO  o.f.scripts.EmbedIngestScript - [21/28] Processing Second_Temple_en.jsonl  (35 MB)
07:14:34.546 [org.freememory.scripts.EmbedIngestScript.main()] INFO  o.f.scripts.EmbedIngestScript -   Done: 38110 chunks in file | running totals — ingested=0 skipped=4855498 errors=0
07:14:34.547 [org.freememory.scripts.EmbedIngestScript.main()] INFO  o.f.scripts.EmbedIngestScript - [22/28] Processing Second_Temple_he.jsonl  (17 MB)
07:14:35.010 [org.freememory.scripts.EmbedIngestScript.main()] INFO  o.f.scripts.EmbedIngestScript -   Done: 20766 chunks in file | running totals — ingested=0 skipped=4876264 errors=0
07:14:35.011 [org.freememory.scripts.EmbedIngestScript.main()] INFO  o.f.scripts.EmbedIngestScript - [23/28] Processing Talmud_en.jsonl  (299 MB)
07:14:39.772 [org.freememory.scripts.EmbedIngestScript.main()] INFO  o.f.scripts.EmbedIngestScript -   Done: 114320 chunks in file | running totals — ingested=0 skipped=4990584 errors=0
07:14:39.772 [org.freememory.scripts.EmbedIngestScript.main()] INFO  o.f.scripts.EmbedIngestScript - [24/28] Processing Talmud_he.jsonl  (1632 MB)
07:15:04.182 [org.freememory.scripts.EmbedIngestScript.main()] INFO  o.f.scripts.EmbedIngestScript -   Done: 561096 chunks in file | running totals — ingested=0 skipped=5551680 errors=0
07:15:04.182 [org.freememory.scripts.EmbedIngestScript.main()] INFO  o.f.scripts.EmbedIngestScript - [25/28] Processing Tanakh_en.jsonl  (106 MB)
07:15:06.125 [org.freememory.scripts.EmbedIngestScript.main()] INFO  o.f.scripts.EmbedIngestScript -   Done: 47320 chunks in file | running totals — ingested=0 skipped=5599000 errors=0
07:15:06.125 [org.freememory.scripts.EmbedIngestScript.main()] INFO  o.f.scripts.EmbedIngestScript - [26/28] Processing Tanakh_he.jsonl  (357 MB)
07:15:11.358 [org.freememory.scripts.EmbedIngestScript.main()] INFO  o.f.scripts.EmbedIngestScript -   Done: 110687 chunks in file | running totals — ingested=0 skipped=5709687 errors=0
07:15:11.358 [org.freememory.scripts.EmbedIngestScript.main()] INFO  o.f.scripts.EmbedIngestScript - [27/28] Processing Tosefta_en.jsonl  (8 MB)
07:15:11.533 [org.freememory.scripts.EmbedIngestScript.main()] INFO  o.f.scripts.EmbedIngestScript -   Done: 5816 chunks in file | running totals — ingested=0 skipped=5715503 errors=0
07:15:11.533 [org.freememory.scripts.EmbedIngestScript.main()] INFO  o.f.scripts.EmbedIngestScript - [28/28] Processing Tosefta_he.jsonl  (157 MB)
07:15:15.392 [org.freememory.scripts.EmbedIngestScript.main()] INFO  o.f.scripts.EmbedIngestScript -   Done: 180892 chunks in file | running totals — ingested=0 skipped=5896395 errors=0
07:15:15.392 [org.freememory.scripts.EmbedIngestScript.main()] INFO  o.f.scripts.EmbedIngestScript - === Phase 3 complete ===
07:15:15.392 [org.freememory.scripts.EmbedIngestScript.main()] INFO  o.f.scripts.EmbedIngestScript - Files processed:  28
07:15:15.392 [org.freememory.scripts.EmbedIngestScript.main()] INFO  o.f.scripts.EmbedIngestScript - Total chunks read: 5896395
07:15:15.392 [org.freememory.scripts.EmbedIngestScript.main()] INFO  o.f.scripts.EmbedIngestScript - Ingested:         0
07:15:15.392 [org.freememory.scripts.EmbedIngestScript.main()] INFO  o.f.scripts.EmbedIngestScript - Skipped:          5896395
07:15:15.392 [org.freememory.scripts.EmbedIngestScript.main()] INFO  o.f.scripts.EmbedIngestScript - Errors:           0
07:15:15.392 [org.freememory.scripts.EmbedIngestScript.main()] INFO  o.f.scripts.EmbedIngestScript - Run RunAgentScript next to start the agent.
[INFO] ------------------------------------------------------------------------
[INFO] BUILD SUCCESS
[INFO] ------------------------------------------------------------------------
[INFO] Total time:  03:04 min
[INFO] Finished at: 2026-04-19T07:15:16+03:00
[INFO] ------------------------------------------------------------------------
